[16:12:58.295] Global cache location '/Users/manas/Library/Caches/typescript/4.7', safe file path '/users/manas/.emacs.d/.cache/lsp/npm/typescript/lib/node_modules/typescript/lib/typingsafelist.json', types map path /users/manas/.emacs.d/.cache/lsp/npm/typescript/lib/node_modules/typescript/lib/typesmap.json
[16:12:58.296] Processing cache location '/Users/manas/Library/Caches/typescript/4.7'
[16:12:58.296] Trying to find '/Users/manas/Library/Caches/typescript/4.7/package.json'...
[16:12:58.298] Finished processing cache location '/Users/manas/Library/Caches/typescript/4.7'
[16:12:58.298] Process id: 59021
[16:12:58.298] NPM location: /opt/homebrew/Cellar/node/20.2.0/bin/npm (explicit '--npmLocation' not  provided)
[16:12:58.298] validateDefaultNpmLocation: false
[16:12:58.298] Npm config file: /Users/manas/Library/Caches/typescript/4.7/package.json
[16:12:58.298] Updating types-registry npm package...
[16:12:58.299] Exec: /opt/homebrew/Cellar/node/20.2.0/bin/npm install --ignore-scripts types-registry@latest
[16:12:58.313]     Failed. stdout:
    stderr:
    /bin/sh: /opt/homebrew/Cellar/node/20.2.0/bin/npm: No such file or directory
    
[16:12:58.314] Updated types-registry npm package
[16:12:58.314] Types registry file '/Users/manas/Library/Caches/typescript/4.7/node_modules/types-registry/index.json' does not exist
[16:12:59.673] Got install request {"projectName":"/dev/null/inferredProject1*","fileNames":["/Users/manas/.emacs.d/.cache/lsp/npm/typescript/lib/node_modules/typescript/lib/lib.es5.d.ts","/Users/manas/.emacs.d/.cache/lsp/npm/typescript/lib/node_modules/typescript/lib/lib.es2015.d.ts","/Users/manas/.emacs.d/.cache/lsp/npm/typescript/lib/node_modules/typescript/lib/lib.es2016.d.ts","/Users/manas/.emacs.d/.cache/lsp/npm/typescript/lib/node_modules/typescript/lib/lib.dom.d.ts","/Users/manas/.emacs.d/.cache/lsp/npm/typescript/lib/node_modules/typescript/lib/lib.dom.iterable.d.ts","/Users/manas/.emacs.d/.cache/lsp/npm/typescript/lib/node_modules/typescript/lib/lib.webworker.importscripts.d.ts","/Users/manas/.emacs.d/.cache/lsp/npm/typescript/lib/node_modules/typescript/lib/lib.scripthost.d.ts","/Users/manas/.emacs.d/.cache/lsp/npm/typescript/lib/node_modules/typescript/lib/lib.es2015.core.d.ts","/Users/manas/.emacs.d/.cache/lsp/npm/typescript/lib/node_modules/typescript/lib/lib.es2015.collection.d.ts","/Users/manas/.emacs.d/.cache/lsp/npm/typescript/lib/node_modules/typescript/lib/lib.es2015.generator.d.ts","/Users/manas/.emacs.d/.cache/lsp/npm/typescript/lib/node_modules/typescript/lib/lib.es2015.iterable.d.ts","/Users/manas/.emacs.d/.cache/lsp/npm/typescript/lib/node_modules/typescript/lib/lib.es2015.promise.d.ts","/Users/manas/.emacs.d/.cache/lsp/npm/typescript/lib/node_modules/typescript/lib/lib.es2015.proxy.d.ts","/Users/manas/.emacs.d/.cache/lsp/npm/typescript/lib/node_modules/typescript/lib/lib.es2015.reflect.d.ts","/Users/manas/.emacs.d/.cache/lsp/npm/typescript/lib/node_modules/typescript/lib/lib.es2015.symbol.d.ts","/Users/manas/.emacs.d/.cache/lsp/npm/typescript/lib/node_modules/typescript/lib/lib.es2015.symbol.wellknown.d.ts","/Users/manas/.emacs.d/.cache/lsp/npm/typescript/lib/node_modules/typescript/lib/lib.es2016.array.include.d.ts","/Users/manas/.emacs.d/.cache/lsp/npm/typescript/lib/node_modules/typescript/lib/lib.es2016.full.d.ts","/Users/manas/development/ligolang/ligo-ci-test/tools/webide-new/ligo-webide-frontend/ligo-ide/node_modules/@mui/material/ToggleButton/index.d.ts"],"compilerOptions":{"module":1,"target":3,"jsx":1,"allowJs":true,"allowSyntheticDefaultImports":true,"allowNonTsExtensions":true,"noEmitForJsFiles":true},"typeAcquisition":{"enable":true,"include":[],"exclude":[]},"unresolvedImports":[],"projectRootPath":"/Users/manas/development/ligolang/ligo-ci-test/tools/webide-new/ligo-webide-frontend/ligo-ide/node_modules/@mui/material/ToggleButton","kind":"discover"}
[16:12:59.683] Loaded safelist from types map file '/users/manas/.emacs.d/.cache/lsp/npm/typescript/lib/node_modules/typescript/lib/typesmap.json'
[16:12:59.683] Explicitly included types: []
[16:12:59.684] Typing names in '/Users/manas/development/ligolang/ligo-ci-test/tools/webide-new/ligo-webide-frontend/ligo-ide/node_modules/@mui/material/ToggleButton/package.json' dependencies: []
[16:12:59.684] Inferred typings from unresolved imports: []
[16:12:59.684] Result: {"cachedTypingPaths":[],"newTypingNames":[],"filesToWatch":["/Users/manas/development/ligolang/ligo-ci-test/tools/webide-new/ligo-webide-frontend/ligo-ide/node_modules/@mui/material/ToggleButton/bower_components","/Users/manas/development/ligolang/ligo-ci-test/tools/webide-new/ligo-webide-frontend/ligo-ide/node_modules/@mui/material/ToggleButton/package.json","/Users/manas/development/ligolang/ligo-ci-test/tools/webide-new/ligo-webide-frontend/ligo-ide/node_modules/@mui/material/ToggleButton/node_modules"]}
[16:12:59.684] Finished typings discovery: {"cachedTypingPaths":[],"newTypingNames":[],"filesToWatch":["/Users/manas/development/ligolang/ligo-ci-test/tools/webide-new/ligo-webide-frontend/ligo-ide/node_modules/@mui/material/ToggleButton/bower_components","/Users/manas/development/ligolang/ligo-ci-test/tools/webide-new/ligo-webide-frontend/ligo-ide/node_modules/@mui/material/ToggleButton/package.json","/Users/manas/development/ligolang/ligo-ci-test/tools/webide-new/ligo-webide-frontend/ligo-ide/node_modules/@mui/material/ToggleButton/node_modules"]}
[16:12:59.684] DirectoryWatcher:: Added:: WatchInfo: /Users/manas/development/ligolang/ligo-ci-test/tools/webide-new/ligo-webide-frontend/ligo-ide/node_modules/@mui/material/ToggleButton/bower_components
[16:12:59.684] DirectoryWatcher:: Added:: WatchInfo: /Users/manas/development/ligolang/ligo-ci-test/tools/webide-new/ligo-webide-frontend/ligo-ide/node_modules/@mui/material/ToggleButton/bower_components 1 undefined Project: /dev/null/inferredProject1* watcher already invoked: false
[16:12:59.685] Elapsed:: 0.5433750152587891ms DirectoryWatcher:: Added:: WatchInfo: /Users/manas/development/ligolang/ligo-ci-test/tools/webide-new/ligo-webide-frontend/ligo-ide/node_modules/@mui/material/ToggleButton/bower_components 1 undefined Project: /dev/null/inferredProject1* watcher already invoked: false
[16:12:59.685] FileWatcher:: Added:: WatchInfo: /Users/manas/development/ligolang/ligo-ci-test/tools/webide-new/ligo-webide-frontend/ligo-ide/node_modules/@mui/material/ToggleButton/package.json
[16:12:59.685] FileWatcher:: Added:: WatchInfo: /Users/manas/development/ligolang/ligo-ci-test/tools/webide-new/ligo-webide-frontend/ligo-ide/node_modules/@mui/material/ToggleButton/package.json 2000 undefined Project: /dev/null/inferredProject1* watcher already invoked: false
[16:12:59.685] DirectoryWatcher:: Added:: WatchInfo: /Users/manas/development/ligolang/ligo-ci-test/tools/webide-new/ligo-webide-frontend/ligo-ide/node_modules/@mui/material/ToggleButton/node_modules
[16:12:59.685] DirectoryWatcher:: Added:: WatchInfo: /Users/manas/development/ligolang/ligo-ci-test/tools/webide-new/ligo-webide-frontend/ligo-ide/node_modules/@mui/material/ToggleButton/node_modules 1 undefined Project: /dev/null/inferredProject1* watcher already invoked: false
[16:12:59.685] Elapsed:: 0.03879106044769287ms DirectoryWatcher:: Added:: WatchInfo: /Users/manas/development/ligolang/ligo-ci-test/tools/webide-new/ligo-webide-frontend/ligo-ide/node_modules/@mui/material/ToggleButton/node_modules 1 undefined Project: /dev/null/inferredProject1* watcher already invoked: false
[16:12:59.685] Sending response:
    {"projectName":"/dev/null/inferredProject1*","typeAcquisition":{"enable":true,"include":[],"exclude":[]},"compilerOptions":{"module":1,"target":3,"jsx":1,"allowJs":true,"allowSyntheticDefaultImports":true,"allowNonTsExtensions":true,"noEmitForJsFiles":true},"typings":[],"unresolvedImports":[],"kind":"action::set"}
[16:12:59.685] Response has been sent.
[16:12:59.686] No new typings were requested as a result of typings discovery
[16:13:02.116] Got install request {"projectName":"/dev/null/inferredProject1*","fileNames":[],"compilerOptions":{"module":1,"target":3,"jsx":1,"allowJs":true,"allowSyntheticDefaultImports":true,"allowNonTsExtensions":true,"noEmitForJsFiles":true},"typeAcquisition":{"enable":true,"include":[],"exclude":[]},"unresolvedImports":[],"projectRootPath":"/Users/manas/development/ligolang/ligo-ci-test/tools/webide-new/ligo-webide-frontend/ligo-ide/node_modules/@mui/material/ToggleButton","kind":"discover"}
[16:13:02.117] Explicitly included types: []
[16:13:02.117] Typing names in '/Users/manas/development/ligolang/ligo-ci-test/tools/webide-new/ligo-webide-frontend/ligo-ide/node_modules/@mui/material/ToggleButton/package.json' dependencies: []
[16:13:02.117] Inferred typings from unresolved imports: []
[16:13:02.117] Result: {"cachedTypingPaths":[],"newTypingNames":[],"filesToWatch":["/Users/manas/development/ligolang/ligo-ci-test/tools/webide-new/ligo-webide-frontend/ligo-ide/node_modules/@mui/material/ToggleButton/bower_components","/Users/manas/development/ligolang/ligo-ci-test/tools/webide-new/ligo-webide-frontend/ligo-ide/node_modules/@mui/material/ToggleButton/package.json","/Users/manas/development/ligolang/ligo-ci-test/tools/webide-new/ligo-webide-frontend/ligo-ide/node_modules/@mui/material/ToggleButton/node_modules"]}
[16:13:02.117] Finished typings discovery: {"cachedTypingPaths":[],"newTypingNames":[],"filesToWatch":["/Users/manas/development/ligolang/ligo-ci-test/tools/webide-new/ligo-webide-frontend/ligo-ide/node_modules/@mui/material/ToggleButton/bower_components","/Users/manas/development/ligolang/ligo-ci-test/tools/webide-new/ligo-webide-frontend/ligo-ide/node_modules/@mui/material/ToggleButton/package.json","/Users/manas/development/ligolang/ligo-ci-test/tools/webide-new/ligo-webide-frontend/ligo-ide/node_modules/@mui/material/ToggleButton/node_modules"]}
[16:13:02.117] Sending response:
    {"projectName":"/dev/null/inferredProject1*","typeAcquisition":{"enable":true,"include":[],"exclude":[]},"compilerOptions":{"module":1,"target":3,"jsx":1,"allowJs":true,"allowSyntheticDefaultImports":true,"allowNonTsExtensions":true,"noEmitForJsFiles":true},"typings":[],"unresolvedImports":[],"kind":"action::set"}
[16:13:02.117] Response has been sent.
[16:13:02.118] No new typings were requested as a result of typings discovery
[16:13:02.217] Got install request {"projectName":"/dev/null/inferredProject1*","fileNames":["/Users/manas/.emacs.d/.cache/lsp/npm/typescript/lib/node_modules/typescript/lib/lib.es5.d.ts","/Users/manas/.emacs.d/.cache/lsp/npm/typescript/lib/node_modules/typescript/lib/lib.es2015.d.ts","/Users/manas/.emacs.d/.cache/lsp/npm/typescript/lib/node_modules/typescript/lib/lib.es2016.d.ts","/Users/manas/.emacs.d/.cache/lsp/npm/typescript/lib/node_modules/typescript/lib/lib.dom.d.ts","/Users/manas/.emacs.d/.cache/lsp/npm/typescript/lib/node_modules/typescript/lib/lib.dom.iterable.d.ts","/Users/manas/.emacs.d/.cache/lsp/npm/typescript/lib/node_modules/typescript/lib/lib.webworker.importscripts.d.ts","/Users/manas/.emacs.d/.cache/lsp/npm/typescript/lib/node_modules/typescript/lib/lib.scripthost.d.ts","/Users/manas/.emacs.d/.cache/lsp/npm/typescript/lib/node_modules/typescript/lib/lib.es2015.core.d.ts","/Users/manas/.emacs.d/.cache/lsp/npm/typescript/lib/node_modules/typescript/lib/lib.es2015.collection.d.ts","/Users/manas/.emacs.d/.cache/lsp/npm/typescript/lib/node_modules/typescript/lib/lib.es2015.generator.d.ts","/Users/manas/.emacs.d/.cache/lsp/npm/typescript/lib/node_modules/typescript/lib/lib.es2015.iterable.d.ts","/Users/manas/.emacs.d/.cache/lsp/npm/typescript/lib/node_modules/typescript/lib/lib.es2015.promise.d.ts","/Users/manas/.emacs.d/.cache/lsp/npm/typescript/lib/node_modules/typescript/lib/lib.es2015.proxy.d.ts","/Users/manas/.emacs.d/.cache/lsp/npm/typescript/lib/node_modules/typescript/lib/lib.es2015.reflect.d.ts","/Users/manas/.emacs.d/.cache/lsp/npm/typescript/lib/node_modules/typescript/lib/lib.es2015.symbol.d.ts","/Users/manas/.emacs.d/.cache/lsp/npm/typescript/lib/node_modules/typescript/lib/lib.es2015.symbol.wellknown.d.ts","/Users/manas/.emacs.d/.cache/lsp/npm/typescript/lib/node_modules/typescript/lib/lib.es2016.array.include.d.ts","/Users/manas/.emacs.d/.cache/lsp/npm/typescript/lib/node_modules/typescript/lib/lib.es2016.full.d.ts","/Users/manas/development/ligolang/ligo-ci-test/tools/webide-new/ligo-webide-frontend/ligo-ide/node_modules/@mui/material/ToggleButton/ToggleButton.d.ts"],"compilerOptions":{"module":1,"target":3,"jsx":1,"allowJs":true,"allowSyntheticDefaultImports":true,"allowNonTsExtensions":true,"noEmitForJsFiles":true},"typeAcquisition":{"enable":true,"include":[],"exclude":[]},"unresolvedImports":[],"projectRootPath":"/Users/manas/development/ligolang/ligo-ci-test/tools/webide-new/ligo-webide-frontend/ligo-ide/node_modules/@mui/material/ToggleButton","kind":"discover"}
[16:13:02.217] Explicitly included types: []
[16:13:02.217] Typing names in '/Users/manas/development/ligolang/ligo-ci-test/tools/webide-new/ligo-webide-frontend/ligo-ide/node_modules/@mui/material/ToggleButton/package.json' dependencies: []
[16:13:02.218] Inferred typings from unresolved imports: []
[16:13:02.218] Result: {"cachedTypingPaths":[],"newTypingNames":[],"filesToWatch":["/Users/manas/development/ligolang/ligo-ci-test/tools/webide-new/ligo-webide-frontend/ligo-ide/node_modules/@mui/material/ToggleButton/bower_components","/Users/manas/development/ligolang/ligo-ci-test/tools/webide-new/ligo-webide-frontend/ligo-ide/node_modules/@mui/material/ToggleButton/package.json","/Users/manas/development/ligolang/ligo-ci-test/tools/webide-new/ligo-webide-frontend/ligo-ide/node_modules/@mui/material/ToggleButton/node_modules"]}
[16:13:02.218] Finished typings discovery: {"cachedTypingPaths":[],"newTypingNames":[],"filesToWatch":["/Users/manas/development/ligolang/ligo-ci-test/tools/webide-new/ligo-webide-frontend/ligo-ide/node_modules/@mui/material/ToggleButton/bower_components","/Users/manas/development/ligolang/ligo-ci-test/tools/webide-new/ligo-webide-frontend/ligo-ide/node_modules/@mui/material/ToggleButton/package.json","/Users/manas/development/ligolang/ligo-ci-test/tools/webide-new/ligo-webide-frontend/ligo-ide/node_modules/@mui/material/ToggleButton/node_modules"]}
[16:13:02.218] Sending response:
    {"projectName":"/dev/null/inferredProject1*","typeAcquisition":{"enable":true,"include":[],"exclude":[]},"compilerOptions":{"module":1,"target":3,"jsx":1,"allowJs":true,"allowSyntheticDefaultImports":true,"allowNonTsExtensions":true,"noEmitForJsFiles":true},"typings":[],"unresolvedImports":[],"kind":"action::set"}
[16:13:02.218] Response has been sent.
[16:13:02.218] No new typings were requested as a result of typings discovery
