Info 0    [16:12:58.172] Starting TS Server
Info 1    [16:12:58.173] Version: 4.7.4
Info 2    [16:12:58.174] Arguments: /opt/homebrew/Cellar/node/20.2.0/bin/node /Users/manas/.emacs.d/.cache/lsp/npm/typescript/lib/node_modules/typescript/lib/tsserver.js --logFile /Users/manas/development/ligolang/ligo-ci-test/.log/tsserver.log --logVerbosity info --cancellationPipeName /private/var/folders/l6/14xd13jd2b519bw0dyckr4hw0000gn/T/8cffeff0af6e09184f567c290f90f6da/tscancellation*
Info 3    [16:12:58.174] Platform: darwin NodeVersion: 20 CaseSensitive: false
Info 4    [16:12:58.174] ServerMode: undefined syntaxOnly: false hasUnknownServerMode: undefined
Info 5    [16:12:58.179] Format host information updated
Info 6    [16:12:58.186] Search path: /Users/manas/development/ligolang/ligo-ci-test/tools/webide-new/ligo-webide-frontend/ligo-ide/node_modules/@mui/material/ToggleButton
Info 7    [16:12:58.188] For info: /Users/manas/development/ligolang/ligo-ci-test/tools/webide-new/ligo-webide-frontend/ligo-ide/node_modules/@mui/material/ToggleButton/index.d.ts :: No config files found.
Info 8    [16:12:58.190] Starting updateGraphWorker: Project: /dev/null/inferredProject1*
Info 9    [16:12:59.568] Finishing updateGraphWorker: Project: /dev/null/inferredProject1* Version: 1 structureChanged: true structureIsReused:: Not Elapsed: 1378.6789590120316ms
Info 10   [16:12:59.568] Project '/dev/null/inferredProject1*' (Inferred)
Info 11   [16:12:59.569] 	Files (1009)

Info 12   [16:12:59.569] -----------------------------------------------
Info 13   [16:13:01.884] Search path: /Users/manas/development/ligolang/ligo-ci-test/tools/webide-new/ligo-webide-frontend/ligo-ide/node_modules/@mui/material/ToggleButton
Info 14   [16:13:01.884] For info: /Users/manas/development/ligolang/ligo-ci-test/tools/webide-new/ligo-webide-frontend/ligo-ide/node_modules/@mui/material/ToggleButton/ToggleButton.d.ts :: No config files found.
Info 15   [16:13:01.884] Starting updateGraphWorker: Project: /dev/null/inferredProject1*
Info 16   [16:13:01.940] Finishing updateGraphWorker: Project: /dev/null/inferredProject1* Version: 2 structureChanged: true structureIsReused:: Not Elapsed: 55.61929202079773ms
Info 17   [16:13:01.940] Project '/dev/null/inferredProject1*' (Inferred)
Info 18   [16:13:01.940] 	Files (0)

Info 19   [16:13:01.940] -----------------------------------------------
Info 20   [16:13:01.940] Starting updateGraphWorker: Project: /dev/null/inferredProject1*
Info 21   [16:13:02.115] Finishing updateGraphWorker: Project: /dev/null/inferredProject1* Version: 3 structureChanged: true structureIsReused:: Not Elapsed: 174.23895800113678ms
Info 22   [16:13:02.115] Project '/dev/null/inferredProject1*' (Inferred)
Info 23   [16:13:02.115] 	Files (1009)

Info 24   [16:13:02.115] -----------------------------------------------
Info 25   [16:13:23.628] DirectoryWatcher:: Triggered with /users/manas/development/ligolang/ligo-ci-test/tools/webide-new/ligo-webide-frontend/ligo-ide/node_modules/.cache/babel-loader/67c289e341b09a675a62df44ef50d8a6.json :: WatchInfo: /users/manas/development/ligolang/ligo-ci-test/tools/webide-new/ligo-webide-frontend/ligo-ide/node_modules 1 undefined WatchType: node_modules for closed script infos and package.jsons affecting module specifier cache
Info 26   [16:13:23.629] Elapsed:: 0.5220839977264404ms DirectoryWatcher:: Triggered with /users/manas/development/ligolang/ligo-ci-test/tools/webide-new/ligo-webide-frontend/ligo-ide/node_modules/.cache/babel-loader/67c289e341b09a675a62df44ef50d8a6.json :: WatchInfo: /users/manas/development/ligolang/ligo-ci-test/tools/webide-new/ligo-webide-frontend/ligo-ide/node_modules 1 undefined WatchType: node_modules for closed script infos and package.jsons affecting module specifier cache
Info 27   [16:13:23.629] DirectoryWatcher:: Triggered with /Users/manas/development/ligolang/ligo-ci-test/tools/webide-new/ligo-webide-frontend/ligo-ide/node_modules/.cache/babel-loader/67c289e341b09a675a62df44ef50d8a6.json :: WatchInfo: /Users/manas/development/ligolang/ligo-ci-test/tools/webide-new/ligo-webide-frontend/ligo-ide/node_modules 1 undefined Project: /dev/null/inferredProject1* WatchType: Failed Lookup Locations
Info 28   [16:13:23.630] Elapsed:: 0.2965409755706787ms DirectoryWatcher:: Triggered with /Users/manas/development/ligolang/ligo-ci-test/tools/webide-new/ligo-webide-frontend/ligo-ide/node_modules/.cache/babel-loader/67c289e341b09a675a62df44ef50d8a6.json :: WatchInfo: /Users/manas/development/ligolang/ligo-ci-test/tools/webide-new/ligo-webide-frontend/ligo-ide/node_modules 1 undefined Project: /dev/null/inferredProject1* WatchType: Failed Lookup Locations
Info 29   [16:15:01.048] DirectoryWatcher:: Triggered with /users/manas/development/ligolang/ligo-ci-test/tools/webide-new/ligo-webide-frontend/ligo-ide/node_modules/.cache/babel-loader/13df4cec4f918fd2f11cb1a9513abd3a.json :: WatchInfo: /users/manas/development/ligolang/ligo-ci-test/tools/webide-new/ligo-webide-frontend/ligo-ide/node_modules 1 undefined WatchType: node_modules for closed script infos and package.jsons affecting module specifier cache
Info 30   [16:15:01.050] Elapsed:: 0.2953329086303711ms DirectoryWatcher:: Triggered with /users/manas/development/ligolang/ligo-ci-test/tools/webide-new/ligo-webide-frontend/ligo-ide/node_modules/.cache/babel-loader/13df4cec4f918fd2f11cb1a9513abd3a.json :: WatchInfo: /users/manas/development/ligolang/ligo-ci-test/tools/webide-new/ligo-webide-frontend/ligo-ide/node_modules 1 undefined WatchType: node_modules for closed script infos and package.jsons affecting module specifier cache
Info 31   [16:15:01.050] DirectoryWatcher:: Triggered with /Users/manas/development/ligolang/ligo-ci-test/tools/webide-new/ligo-webide-frontend/ligo-ide/node_modules/.cache/babel-loader/13df4cec4f918fd2f11cb1a9513abd3a.json :: WatchInfo: /Users/manas/development/ligolang/ligo-ci-test/tools/webide-new/ligo-webide-frontend/ligo-ide/node_modules 1 undefined Project: /dev/null/inferredProject1* WatchType: Failed Lookup Locations
Info 32   [16:15:01.050] Elapsed:: 0.14137506484985352ms DirectoryWatcher:: Triggered with /Users/manas/development/ligolang/ligo-ci-test/tools/webide-new/ligo-webide-frontend/ligo-ide/node_modules/.cache/babel-loader/13df4cec4f918fd2f11cb1a9513abd3a.json :: WatchInfo: /Users/manas/development/ligolang/ligo-ci-test/tools/webide-new/ligo-webide-frontend/ligo-ide/node_modules 1 undefined Project: /dev/null/inferredProject1* WatchType: Failed Lookup Locations
Info 33   [16:16:55.466] DirectoryWatcher:: Triggered with /users/manas/development/ligolang/ligo-ci-test/tools/webide-new/ligo-webide-frontend/ligo-ide/node_modules/.cache/babel-loader/e28b5e1fa1166032db9c66a8ed9e610e.json :: WatchInfo: /users/manas/development/ligolang/ligo-ci-test/tools/webide-new/ligo-webide-frontend/ligo-ide/node_modules 1 undefined WatchType: node_modules for closed script infos and package.jsons affecting module specifier cache
Info 34   [16:16:55.467] Elapsed:: 0.07670891284942627ms DirectoryWatcher:: Triggered with /users/manas/development/ligolang/ligo-ci-test/tools/webide-new/ligo-webide-frontend/ligo-ide/node_modules/.cache/babel-loader/e28b5e1fa1166032db9c66a8ed9e610e.json :: WatchInfo: /users/manas/development/ligolang/ligo-ci-test/tools/webide-new/ligo-webide-frontend/ligo-ide/node_modules 1 undefined WatchType: node_modules for closed script infos and package.jsons affecting module specifier cache
Info 35   [16:16:55.467] DirectoryWatcher:: Triggered with /Users/manas/development/ligolang/ligo-ci-test/tools/webide-new/ligo-webide-frontend/ligo-ide/node_modules/.cache/babel-loader/e28b5e1fa1166032db9c66a8ed9e610e.json :: WatchInfo: /Users/manas/development/ligolang/ligo-ci-test/tools/webide-new/ligo-webide-frontend/ligo-ide/node_modules 1 undefined Project: /dev/null/inferredProject1* WatchType: Failed Lookup Locations
Info 36   [16:16:55.467] Elapsed:: 0.01737499237060547ms DirectoryWatcher:: Triggered with /Users/manas/development/ligolang/ligo-ci-test/tools/webide-new/ligo-webide-frontend/ligo-ide/node_modules/.cache/babel-loader/e28b5e1fa1166032db9c66a8ed9e610e.json :: WatchInfo: /Users/manas/development/ligolang/ligo-ci-test/tools/webide-new/ligo-webide-frontend/ligo-ide/node_modules 1 undefined Project: /dev/null/inferredProject1* WatchType: Failed Lookup Locations
Info 37   [16:17:34.526] DirectoryWatcher:: Triggered with /users/manas/development/ligolang/ligo-ci-test/tools/webide-new/ligo-webide-frontend/ligo-ide/node_modules/.cache/babel-loader/98ca5fa272e06aae0c7f231b3e4f8d57.json :: WatchInfo: /users/manas/development/ligolang/ligo-ci-test/tools/webide-new/ligo-webide-frontend/ligo-ide/node_modules 1 undefined WatchType: node_modules for closed script infos and package.jsons affecting module specifier cache
Info 38   [16:17:34.528] Elapsed:: 0.24812495708465576ms DirectoryWatcher:: Triggered with /users/manas/development/ligolang/ligo-ci-test/tools/webide-new/ligo-webide-frontend/ligo-ide/node_modules/.cache/babel-loader/98ca5fa272e06aae0c7f231b3e4f8d57.json :: WatchInfo: /users/manas/development/ligolang/ligo-ci-test/tools/webide-new/ligo-webide-frontend/ligo-ide/node_modules 1 undefined WatchType: node_modules for closed script infos and package.jsons affecting module specifier cache
Info 39   [16:17:34.528] DirectoryWatcher:: Triggered with /Users/manas/development/ligolang/ligo-ci-test/tools/webide-new/ligo-webide-frontend/ligo-ide/node_modules/.cache/babel-loader/98ca5fa272e06aae0c7f231b3e4f8d57.json :: WatchInfo: /Users/manas/development/ligolang/ligo-ci-test/tools/webide-new/ligo-webide-frontend/ligo-ide/node_modules 1 undefined Project: /dev/null/inferredProject1* WatchType: Failed Lookup Locations
Info 40   [16:17:34.528] Elapsed:: 0.08595907688140869ms DirectoryWatcher:: Triggered with /Users/manas/development/ligolang/ligo-ci-test/tools/webide-new/ligo-webide-frontend/ligo-ide/node_modules/.cache/babel-loader/98ca5fa272e06aae0c7f231b3e4f8d57.json :: WatchInfo: /Users/manas/development/ligolang/ligo-ci-test/tools/webide-new/ligo-webide-frontend/ligo-ide/node_modules 1 undefined Project: /dev/null/inferredProject1* WatchType: Failed Lookup Locations
Info 41   [16:18:10.743] DirectoryWatcher:: Triggered with /users/manas/development/ligolang/ligo-ci-test/tools/webide-new/ligo-webide-frontend/ligo-ide/node_modules/.cache/babel-loader/fd88c59798c24e5795a180b0ed9fb994.json :: WatchInfo: /users/manas/development/ligolang/ligo-ci-test/tools/webide-new/ligo-webide-frontend/ligo-ide/node_modules 1 undefined WatchType: node_modules for closed script infos and package.jsons affecting module specifier cache
Info 42   [16:18:10.744] Elapsed:: 0.2976670265197754ms DirectoryWatcher:: Triggered with /users/manas/development/ligolang/ligo-ci-test/tools/webide-new/ligo-webide-frontend/ligo-ide/node_modules/.cache/babel-loader/fd88c59798c24e5795a180b0ed9fb994.json :: WatchInfo: /users/manas/development/ligolang/ligo-ci-test/tools/webide-new/ligo-webide-frontend/ligo-ide/node_modules 1 undefined WatchType: node_modules for closed script infos and package.jsons affecting module specifier cache
Info 43   [16:18:10.744] DirectoryWatcher:: Triggered with /Users/manas/development/ligolang/ligo-ci-test/tools/webide-new/ligo-webide-frontend/ligo-ide/node_modules/.cache/babel-loader/fd88c59798c24e5795a180b0ed9fb994.json :: WatchInfo: /Users/manas/development/ligolang/ligo-ci-test/tools/webide-new/ligo-webide-frontend/ligo-ide/node_modules 1 undefined Project: /dev/null/inferredProject1* WatchType: Failed Lookup Locations
Info 44   [16:18:10.744] Elapsed:: 0.07145798206329346ms DirectoryWatcher:: Triggered with /Users/manas/development/ligolang/ligo-ci-test/tools/webide-new/ligo-webide-frontend/ligo-ide/node_modules/.cache/babel-loader/fd88c59798c24e5795a180b0ed9fb994.json :: WatchInfo: /Users/manas/development/ligolang/ligo-ci-test/tools/webide-new/ligo-webide-frontend/ligo-ide/node_modules 1 undefined Project: /dev/null/inferredProject1* WatchType: Failed Lookup Locations
Info 45   [16:18:24.351] DirectoryWatcher:: Triggered with /users/manas/development/ligolang/ligo-ci-test/tools/webide-new/ligo-webide-frontend/ligo-ide/node_modules/.cache/babel-loader/958eb372371f274508dbd1b816054f59.json :: WatchInfo: /users/manas/development/ligolang/ligo-ci-test/tools/webide-new/ligo-webide-frontend/ligo-ide/node_modules 1 undefined WatchType: node_modules for closed script infos and package.jsons affecting module specifier cache
Info 46   [16:18:24.352] Elapsed:: 0.18454205989837646ms DirectoryWatcher:: Triggered with /users/manas/development/ligolang/ligo-ci-test/tools/webide-new/ligo-webide-frontend/ligo-ide/node_modules/.cache/babel-loader/958eb372371f274508dbd1b816054f59.json :: WatchInfo: /users/manas/development/ligolang/ligo-ci-test/tools/webide-new/ligo-webide-frontend/ligo-ide/node_modules 1 undefined WatchType: node_modules for closed script infos and package.jsons affecting module specifier cache
Info 47   [16:18:24.352] DirectoryWatcher:: Triggered with /Users/manas/development/ligolang/ligo-ci-test/tools/webide-new/ligo-webide-frontend/ligo-ide/node_modules/.cache/babel-loader/958eb372371f274508dbd1b816054f59.json :: WatchInfo: /Users/manas/development/ligolang/ligo-ci-test/tools/webide-new/ligo-webide-frontend/ligo-ide/node_modules 1 undefined Project: /dev/null/inferredProject1* WatchType: Failed Lookup Locations
Info 48   [16:18:24.352] Elapsed:: 0.05041611194610596ms DirectoryWatcher:: Triggered with /Users/manas/development/ligolang/ligo-ci-test/tools/webide-new/ligo-webide-frontend/ligo-ide/node_modules/.cache/babel-loader/958eb372371f274508dbd1b816054f59.json :: WatchInfo: /Users/manas/development/ligolang/ligo-ci-test/tools/webide-new/ligo-webide-frontend/ligo-ide/node_modules 1 undefined Project: /dev/null/inferredProject1* WatchType: Failed Lookup Locations
